<?xml version="1.0" encoding="UTF-8"?>
<testsuite xmlns:xsi="http://www.w3.org/2001/XMLSchema-instance" xsi:schemaLocation="https://maven.apache.org/surefire/maven-surefire-plugin/xsd/surefire-test-report.xsd" name="TestSuite" time="0.47" tests="10" errors="0" skipped="2" failures="1">
  <properties>
[...]
</properties>
  <testcase name="abc" classname="tests.Testing1" time="0.01"/>
  <testcase name="abc" classname="tests.Testing1" time="0.004"/>
  <testcase name="test1" classname="tests.Testing1" time="0"/>
  <testcase name="test1" classname="tests.Testing1" time="0.001"/>
  <testcase name="test2" classname="tests.Testing1" time="0"/>
  <testcase name="test3" classname="tests.Testing2" time="0.003"/>
  <testcase name="test4" classname="tests.Testing2" time="0.002"/>
  <testcase name="createUser" classname="tests.Testing3" time="0.009">
    <failure message="Verifying Element expected [true] but found [false]" type="java.lang.AssertionError">java.lang.AssertionError: Verifying Element expected [true] but found [false]
	at tests.Testing3.createUser(Testing3.java:16)
</failure>
    <system-out><![CDATA[I am in Home Test
Before Assertion
]]></system-out>
  </testcase>
  <testcase name="editUser" classname="tests.Testing3" time="0">
    <skipped message="Method tests.Testing3.editUser() on instance tests.Testing3@77e4c80f depends on not successfully finished methods &#10;[tests.Testing3.createUser() on instance tests.Testing3@77e4c80f]"/>
  </testcase>
  <testcase name="deleteUser" classname="tests.Testing3" time="0">
    <skipped message="Method tests.Testing3.deleteUser() on instance tests.Testing3@77e4c80f depends on not successfully finished methods &#10;[tests.Testing3.editUser() on instance tests.Testing3@77e4c80f]"/>
  </testcase>
</testsuite>