<?xml version="1.0" encoding="UTF-8"?>
<!-- Generated by org.testng.reporters.JUnitXMLReporter -->
<testsuite ignored="0" hostname="Jinuu-PC" failures="0" tests="5" name="Default test" time="0.049" errors="0" timestamp="2022-09-07T17:05:23 EDT">
  <testcase classname="tests.Testing1" name="abc" time="0.004"/>
  <testcase classname="tests.Testing1" name="abc" time="0.0"/>
  <testcase classname="tests.Testing1" name="test1" time="0.0"/>
  <testcase classname="tests.Testing1" name="test1" time="0.0"/>
  <testcase classname="tests.Testing1" name="test2" time="0.0"/>
</testsuite> <!-- Default test -->
